{"ts":1676813128144,"action":"PROJECT_OPENED","tags":{"PROJECT_NAME":"My Application"}}
{"ts":1676813140007,"action":"IDE_DEACTIVATED"}
{"ts":1676813194083,"action":"IDE_ACTIVATED"}
{"ts":1676813198150,"action":"IDE_DEACTIVATED"}
{"ts":1676813248610,"action":"IDE_ACTIVATED"}
{"ts":1676813287377,"action":"IDE_DEACTIVATED"}
{"ts":1676813299918,"action":"IDE_ACTIVATED"}
{"ts":1676813515750,"action":"IDE_DEACTIVATED"}
{"ts":1676813848766,"action":"IDE_ACTIVATED"}
{"ts":1676813852748,"action":"IDE_DEACTIVATED"}
{"ts":1676813853791,"action":"IDE_ACTIVATED"}
{"ts":1676813854819,"action":"IDE_DEACTIVATED"}
{"ts":1676813870177,"action":"IDE_ACTIVATED"}
{"ts":1676813871250,"action":"IDE_DEACTIVATED"}
{"ts":1676813878552,"action":"IDE_ACTIVATED"}
{"ts":1676813880304,"action":"IDE_DEACTIVATED"}
{"ts":1676813889828,"action":"IDE_ACTIVATED"}
{"ts":1676813909246,"action":"IDE_DEACTIVATED"}
{"ts":1676813909247,"action":"IDE_ACTIVATED"}
{"ts":1676813952627,"action":"IDE_DEACTIVATED"}
{"ts":1676813952766,"action":"IDE_ACTIVATED"}
{"ts":1676813966477,"action":"IDE_DEACTIVATED"}
{"ts":1676814824609,"action":"IDE_ACTIVATED"}
{"ts":1676814827238,"action":"FILE_CLOSED","file":"/app/src/main/java/com/example/mvvmcleanarchitecture/MainActivity.kt","tags":{"FILE_LINE_OF_CODE":"12"}}
{"ts":1676814827238,"action":"FILE_OPENED","file":"/app/build.gradle","tags":{"FILE_LINE_OF_CODE":"44"}}
{"ts":1676814843482,"action":"IDE_DEACTIVATED"}
{"ts":1676814856671,"action":"IDE_ACTIVATED"}
{"ts":1676814901365,"action":"IDE_DEACTIVATED"}
{"ts":1676814941549,"action":"IDE_ACTIVATED"}
{"ts":1676814995903,"action":"IDE_DEACTIVATED"}
{"ts":1676814996657,"action":"IDE_ACTIVATED"}
{"ts":1676814998134,"action":"IDE_DEACTIVATED"}
{"ts":1676815001202,"action":"IDE_ACTIVATED"}
{"ts":1676815134667,"action":"IDE_DEACTIVATED"}
{"ts":1676815258917,"action":"IDE_ACTIVATED"}
{"ts":1676815416144,"action":"IDE_DEACTIVATED"}
{"ts":1676817521779,"action":"IDE_ACTIVATED"}
{"ts":1676817523264,"action":"IDE_DEACTIVATED"}
{"ts":1676819217272,"action":"IDE_ACTIVATED"}
{"ts":1676819217977,"action":"IDE_DEACTIVATED"}
{"ts":1676826448518,"action":"IDE_ACTIVATED"}
{"ts":1676826450934,"action":"IDE_DEACTIVATED"}
{"ts":1676871247837,"action":"IDE_ACTIVATED"}
{"ts":1676871251444,"action":"FILE_CLOSED","file":"/app/build.gradle","tags":{"FILE_LINE_OF_CODE":"80"}}
{"ts":1676871251465,"action":"PROJECT_CLOSED","tags":{"PROJECT_NAME":"My Application"}}
{"ts":1676897745572,"action":"FILE_OPENED","file":"/app/src/main/res/layout/activity_main.xml","tags":{"FILE_LINE_OF_CODE":"18"}}
{"ts":1676897746255,"action":"PROJECT_OPENED","tags":{"PROJECT_NAME":"My Application"}}
{"ts":1676897748475,"action":"FILE_CLOSED","file":"/app/src/main/res/layout/activity_main.xml","tags":{"FILE_LINE_OF_CODE":"18"}}
{"ts":1676897748475,"action":"FILE_OPENED","file":"/app/build.gradle","tags":{"FILE_LINE_OF_CODE":"80"}}
{"ts":1676897748920,"action":"FILE_CLOSED","file":"/app/build.gradle","tags":{"FILE_LINE_OF_CODE":"80"}}
{"ts":1676897748920,"action":"FILE_OPENED","file":"/app/src/main/java/com/example/mvvmcleanarchitecture/MainActivity.kt","tags":{"FILE_LINE_OF_CODE":"12"}}
{"ts":1676897751311,"action":"IDE_DEACTIVATED"}
{"ts":1676897866471,"action":"IDE_ACTIVATED"}
{"ts":1676897868745,"action":"FILE_CLOSED","file":"/app/src/main/java/com/example/mvvmcleanarchitecture/MainActivity.kt","tags":{"FILE_LINE_OF_CODE":"12"}}
{"ts":1676897868745,"action":"FILE_OPENED","file":"/app/build.gradle","tags":{"FILE_LINE_OF_CODE":"80"}}
{"ts":1676897890329,"action":"IDE_DEACTIVATED"}
{"ts":1676897917736,"action":"IDE_ACTIVATED"}
{"ts":1676897925113,"action":"IDE_DEACTIVATED"}
{"ts":1676897930418,"action":"IDE_ACTIVATED"}
{"ts":1676897943397,"action":"IDE_DEACTIVATED"}
{"ts":1676897947124,"action":"IDE_ACTIVATED"}
{"ts":1676897948792,"action":"IDE_DEACTIVATED"}
{"ts":1676897951296,"action":"IDE_ACTIVATED"}
{"ts":1676897954697,"action":"IDE_DEACTIVATED"}
{"ts":1676897958117,"action":"IDE_ACTIVATED"}
{"ts":1676897961599,"action":"IDE_DEACTIVATED"}
{"ts":1676897971043,"action":"IDE_ACTIVATED"}
{"ts":1676897978806,"action":"IDE_DEACTIVATED"}
{"ts":1676897980732,"action":"IDE_ACTIVATED"}
{"ts":1676897981436,"action":"IDE_DEACTIVATED"}
{"ts":1676898032011,"action":"IDE_ACTIVATED"}
{"ts":1676898033766,"action":"IDE_DEACTIVATED"}
{"ts":1676898111747,"action":"IDE_ACTIVATED"}
{"ts":1676898121112,"action":"IDE_DEACTIVATED"}
{"ts":1676898137539,"action":"IDE_ACTIVATED"}
{"ts":1676898144863,"action":"IDE_DEACTIVATED"}
{"ts":1676898155561,"action":"IDE_ACTIVATED"}
{"ts":1676898177830,"action":"IDE_DEACTIVATED"}
{"ts":1676898181959,"action":"IDE_ACTIVATED"}
{"ts":1676898185607,"action":"IDE_DEACTIVATED"}
{"ts":1676898197025,"action":"IDE_ACTIVATED"}
{"ts":1676898200051,"action":"IDE_DEACTIVATED"}
{"ts":1676898204341,"action":"IDE_ACTIVATED"}
{"ts":1676898206979,"action":"IDE_DEACTIVATED"}
{"ts":1676898208549,"action":"IDE_ACTIVATED"}
{"ts":1676898213178,"action":"IDE_DEACTIVATED"}
{"ts":1676898215056,"action":"IDE_ACTIVATED"}
{"ts":1676898216572,"action":"IDE_DEACTIVATED"}
{"ts":1676898218087,"action":"IDE_ACTIVATED"}
{"ts":1676898228089,"action":"IDE_DEACTIVATED"}
{"ts":1676898269889,"action":"IDE_ACTIVATED"}
{"ts":1676898277768,"action":"IDE_DEACTIVATED"}
{"ts":1676898278997,"action":"IDE_ACTIVATED"}
{"ts":1676898289763,"action":"IDE_DEACTIVATED"}
{"ts":1676898375479,"action":"IDE_ACTIVATED"}
{"ts":1676898420119,"action":"IDE_DEACTIVATED"}
{"ts":1676898478860,"action":"IDE_ACTIVATED"}
{"ts":1676898487117,"action":"IDE_DEACTIVATED"}
{"ts":1676898497588,"action":"IDE_ACTIVATED"}
{"ts":1676898498307,"action":"IDE_DEACTIVATED"}
{"ts":1676898534344,"action":"IDE_ACTIVATED"}
{"ts":1676898552146,"action":"IDE_DEACTIVATED"}
{"ts":1676898596106,"action":"IDE_ACTIVATED"}
{"ts":1676898612356,"action":"IDE_DEACTIVATED"}
{"ts":1676899196593,"action":"IDE_ACTIVATED"}
{"ts":1676899239192,"action":"FILE_CLOSED","file":"/app/build.gradle","tags":{"FILE_LINE_OF_CODE":"107"}}
{"ts":1676899239192,"action":"FILE_OPENED","file":"/app/src/main/AndroidManifest.xml","tags":{"FILE_LINE_OF_CODE":"25"}}
{"ts":1676899312960,"action":"IDE_DEACTIVATED"}
{"ts":1676901045493,"action":"IDE_ACTIVATED"}
{"ts":1676901047113,"action":"IDE_DEACTIVATED"}
{"ts":1676905233884,"action":"IDE_ACTIVATED"}
{"ts":1676905271004,"action":"IDE_DEACTIVATED"}
{"ts":1676905271851,"action":"IDE_ACTIVATED"}
{"ts":1676905276201,"action":"IDE_DEACTIVATED"}
{"ts":1676905510349,"action":"IDE_ACTIVATED"}
{"ts":1676905515080,"action":"IDE_DEACTIVATED"}
{"ts":1676905525440,"action":"IDE_ACTIVATED"}
{"ts":1676905535866,"action":"IDE_DEACTIVATED"}
{"ts":1676905582902,"action":"IDE_ACTIVATED"}
{"ts":1676905595847,"action":"IDE_DEACTIVATED"}
{"ts":1676905603256,"action":"IDE_ACTIVATED"}
{"ts":1676905613817,"action":"FILE_CLOSED","file":"/app/src/main/AndroidManifest.xml","tags":{"FILE_LINE_OF_CODE":"25"}}
{"ts":1676905613817,"action":"FILE_OPENED","file":"/app/build.gradle","tags":{"FILE_LINE_OF_CODE":"107"}}
{"ts":1676905614474,"action":"FILE_CLOSED","file":"/app/build.gradle","tags":{"FILE_LINE_OF_CODE":"107"}}
{"ts":1676905614474,"action":"FILE_OPENED","file":"/app/src/main/res/layout/activity_main.xml","tags":{"FILE_LINE_OF_CODE":"18"}}
{"ts":1676905624729,"action":"FILE_CLOSED","file":"/app/src/main/res/layout/activity_main.xml","tags":{"FILE_LINE_OF_CODE":"18"}}
{"ts":1676905624729,"action":"FILE_OPENED","file":"/app/build/generated/ap_generated_sources/debug/out/MovieList.kt","tags":{"FILE_LINE_OF_CODE":"13"}}
{"ts":1676905625582,"action":"FILE_CLOSED","file":"/app/build/generated/ap_generated_sources/debug/out/MovieList.kt","tags":{"FILE_LINE_OF_CODE":"13"}}
{"ts":1676905625582,"action":"FILE_OPENED","file":"/app/build/generated/ap_generated_sources/debug/out/Result.kt","tags":{"FILE_LINE_OF_CODE":"33"}}
{"ts":1676905628868,"action":"IDE_DEACTIVATED"}
{"ts":1676905630700,"action":"IDE_ACTIVATED"}
{"ts":1676905639637,"action":"FILE_CLOSED","file":"/app/src/main/java/com/example/mvvmcleanarchitecture/Result.kt","tags":{"FILE_LINE_OF_CODE":"33"}}
{"ts":1676905639637,"action":"FILE_OPENED","file":"/app/src/main/java/com/example/mvvmcleanarchitecture/MovieList.kt","tags":{"FILE_LINE_OF_CODE":"13"}}
{"ts":1676905643497,"action":"FILE_CLOSED","file":"/app/src/main/java/com/example/mvvmcleanarchitecture/MovieList.kt","tags":{"FILE_LINE_OF_CODE":"14"}}
{"ts":1676905643497,"action":"FILE_OPENED","file":"/app/src/main/java/com/example/mvvmcleanarchitecture/Result.kt","tags":{"FILE_LINE_OF_CODE":"33"}}
{"ts":1676905646293,"action":"FILE_CLOSED","file":"/app/src/main/java/com/example/mvvmcleanarchitecture/Result.kt","tags":{"FILE_LINE_OF_CODE":"34"}}
{"ts":1676905646293,"action":"FILE_OPENED","file":"/app/src/main/java/com/example/mvvmcleanarchitecture/MovieList.kt","tags":{"FILE_LINE_OF_CODE":"14"}}
{"ts":1676905649999,"action":"FILE_CLOSED","file":"/app/src/main/java/com/example/mvvmcleanarchitecture/MovieList.kt","tags":{"FILE_LINE_OF_CODE":"14"}}
{"ts":1676905649999,"action":"FILE_OPENED","file":"/app/src/main/res/layout/activity_main.xml","tags":{"FILE_LINE_OF_CODE":"18"}}
{"ts":1676905650507,"action":"FILE_CLOSED","file":"/app/src/main/res/layout/activity_main.xml","tags":{"FILE_LINE_OF_CODE":"18"}}
{"ts":1676905651876,"action":"FILE_OPENED","file":"/app/src/main/java/com/example/mvvmcleanarchitecture/MovieList.kt","tags":{"FILE_LINE_OF_CODE":"14"}}
{"ts":1676905654674,"action":"FILE_CLOSED","file":"/app/src/main/java/com/example/mvvmcleanarchitecture/MovieList.kt","tags":{"FILE_LINE_OF_CODE":"14"}}
{"ts":1676905654674,"action":"FILE_OPENED","file":"/app/src/main/java/com/example/mvvmcleanarchitecture/MainActivity.kt","tags":{"FILE_LINE_OF_CODE":"12"}}
{"ts":1676905656700,"action":"IDE_DEACTIVATED"}
{"ts":1676905678986,"action":"IDE_ACTIVATED"}
{"ts":1676905689376,"action":"FILE_CLOSED","file":"/app/src/main/java/com/example/mvvmcleanarchitecture/MainActivity.kt","tags":{"FILE_LINE_OF_CODE":"12"}}
{"ts":1676905689376,"action":"FILE_OPENED","file":"/app/src/main/java/com/example/mvvmcleanarchitecture/MovieList.kt","tags":{"FILE_LINE_OF_CODE":"14"}}
{"ts":1676905690398,"action":"FILE_CLOSED","file":"/app/src/main/java/com/example/mvvmcleanarchitecture/MovieList.kt","tags":{"FILE_LINE_OF_CODE":"14"}}
{"ts":1676905690398,"action":"FILE_OPENED","file":"/app/src/main/java/com/example/mvvmcleanarchitecture/Movie.kt","tags":{"FILE_LINE_OF_CODE":"34"}}
{"ts":1676905692112,"action":"IDE_DEACTIVATED"}
{"ts":1676959040826,"action":"IDE_ACTIVATED"}
{"ts":1676959041985,"action":"IDE_DEACTIVATED"}
{"ts":1676959996321,"action":"IDE_ACTIVATED"}
{"ts":1676960000602,"action":"IDE_DEACTIVATED"}
{"ts":1676960004131,"action":"IDE_ACTIVATED"}
{"ts":1676960028528,"action":"IDE_DEACTIVATED"}
{"ts":1676960048554,"action":"IDE_ACTIVATED"}
{"ts":1676960087578,"action":"IDE_DEACTIVATED"}
{"ts":1676960601910,"action":"IDE_ACTIVATED"}
{"ts":1676960713878,"action":"IDE_DEACTIVATED"}
{"ts":1676961100975,"action":"IDE_ACTIVATED"}
{"ts":1676961101330,"action":"IDE_DEACTIVATED"}
{"ts":1676961101821,"action":"IDE_ACTIVATED"}
{"ts":1676961160517,"action":"IDE_DEACTIVATED"}
{"ts":1676962622736,"action":"IDE_ACTIVATED"}
{"ts":1676962627805,"action":"IDE_DEACTIVATED"}
{"ts":1676962737070,"action":"IDE_ACTIVATED"}
{"ts":1676962751915,"action":"IDE_DEACTIVATED"}
{"ts":1676962759769,"action":"IDE_ACTIVATED"}
{"ts":1676962764229,"action":"IDE_DEACTIVATED"}
{"ts":1676962775408,"action":"IDE_ACTIVATED"}
{"ts":1676962809674,"action":"IDE_DEACTIVATED"}
{"ts":1676962809757,"action":"FILE_CLOSED","file":"/app/src/main/java/com/example/mvvmcleanarchitecture/Movie.kt","tags":{"FILE_LINE_OF_CODE":"34"}}
{"ts":1676962809782,"action":"PROJECT_CLOSED","tags":{"PROJECT_NAME":"My Application"}}
{"ts":1676962816516,"action":"FILE_OPENED","file":"/app/src/main/java/com/example/mvvmcleanarchitecture/MovieList.kt","tags":{"FILE_LINE_OF_CODE":"14"}}
{"ts":1676962816732,"action":"PROJECT_OPENED","tags":{"PROJECT_NAME":"My Application"}}
{"ts":1676962883451,"action":"IDE_DEACTIVATED"}
{"ts":1676964053611,"action":"IDE_ACTIVATED"}
{"ts":1676964059676,"action":"IDE_DEACTIVATED"}
{"ts":1676964061150,"action":"IDE_ACTIVATED"}
{"ts":1676964062353,"action":"IDE_DEACTIVATED"}
{"ts":1676964206401,"action":"IDE_ACTIVATED"}
{"ts":1676964207324,"action":"IDE_DEACTIVATED"}
{"ts":1676964208224,"action":"IDE_ACTIVATED"}
{"ts":1676964217117,"action":"IDE_DEACTIVATED"}
{"ts":1676964323611,"action":"IDE_ACTIVATED"}
{"ts":1676964356190,"action":"IDE_DEACTIVATED"}
{"ts":1676964359011,"action":"IDE_ACTIVATED"}
{"ts":1676964361657,"action":"IDE_DEACTIVATED"}
{"ts":1676964489570,"action":"IDE_ACTIVATED"}
{"ts":1676964493201,"action":"IDE_DEACTIVATED"}
{"ts":1676964494529,"action":"IDE_ACTIVATED"}
{"ts":1676964693123,"action":"IDE_DEACTIVATED"}
{"ts":1676964782159,"action":"IDE_ACTIVATED"}
{"ts":1676964985956,"action":"IDE_DEACTIVATED"}
{"ts":1676964998737,"action":"IDE_ACTIVATED"}
{"ts":1676965026512,"action":"IDE_DEACTIVATED"}
{"ts":1676965029079,"action":"IDE_ACTIVATED"}
{"ts":1676965039657,"action":"IDE_DEACTIVATED"}
{"ts":1676965066764,"action":"IDE_ACTIVATED"}
{"ts":1676965068448,"action":"IDE_DEACTIVATED"}
{"ts":1676965075340,"action":"IDE_ACTIVATED"}
{"ts":1676965112339,"action":"IDE_DEACTIVATED"}
{"ts":1676965149991,"action":"IDE_ACTIVATED"}
{"ts":1676965150868,"action":"IDE_DEACTIVATED"}
{"ts":1676965151776,"action":"IDE_ACTIVATED"}
{"ts":1676965160111,"action":"IDE_DEACTIVATED"}
{"ts":1676965167722,"action":"IDE_ACTIVATED"}
{"ts":1676965169884,"action":"IDE_DEACTIVATED"}
{"ts":1676965172085,"action":"IDE_ACTIVATED"}
{"ts":1676965175890,"action":"IDE_DEACTIVATED"}
{"ts":1676965178199,"action":"IDE_ACTIVATED"}
{"ts":1676965197943,"action":"IDE_DEACTIVATED"}
{"ts":1676965267959,"action":"IDE_ACTIVATED"}
{"ts":1676965271081,"action":"IDE_DEACTIVATED"}
{"ts":1676965271907,"action":"IDE_ACTIVATED"}
{"ts":1676965336213,"action":"IDE_DEACTIVATED"}
{"ts":1676965359165,"action":"IDE_ACTIVATED"}
{"ts":1676965366782,"action":"IDE_DEACTIVATED"}
{"ts":1676968576761,"action":"IDE_ACTIVATED"}
{"ts":1676968579570,"action":"IDE_DEACTIVATED"}
{"ts":1676968880649,"action":"IDE_ACTIVATED"}
{"ts":1676968915678,"action":"IDE_DEACTIVATED"}
{"ts":1676969283486,"action":"IDE_ACTIVATED"}
{"ts":1676969292452,"action":"IDE_DEACTIVATED"}
{"ts":1676969301324,"action":"IDE_ACTIVATED"}
{"ts":1676969335422,"action":"IDE_DEACTIVATED"}
{"ts":1676969351026,"action":"IDE_ACTIVATED"}
{"ts":1676969351882,"action":"FILE_CLOSED","file":"/app/src/main/java/com/example/mvvmcleanarchitecture/MovieList.kt","tags":{"FILE_LINE_OF_CODE":"14"}}
{"ts":1676969351882,"action":"FILE_OPENED","file":"/app/src/main/java/com/example/mvvmcleanarchitecture/TV.kt","tags":{"FILE_LINE_OF_CODE":"15"}}
{"ts":1676969359286,"action":"FILE_CLOSED","file":"/app/src/main/java/com/example/mvvmcleanarchitecture/TvShow.kt","tags":{"FILE_LINE_OF_CODE":"15"}}
{"ts":1676969359286,"action":"FILE_OPENED","file":"/app/src/main/java/com/example/mvvmcleanarchitecture/Result.kt","tags":{"FILE_LINE_OF_CODE":"33"}}
{"ts":1676969375022,"action":"IDE_DEACTIVATED"}
{"ts":1676969397523,"action":"IDE_ACTIVATED"}
{"ts":1676969398935,"action":"IDE_DEACTIVATED"}
{"ts":1676969486026,"action":"IDE_ACTIVATED"}
{"ts":1676969711981,"action":"FILE_CLOSED","file":"/app/src/main/java/com/example/mvvmcleanarchitecture/TvShowList.kt","tags":{"FILE_LINE_OF_CODE":"32"}}
{"ts":1676969711981,"action":"FILE_OPENED","file":"/app/src/main/java/com/example/mvvmcleanarchitecture/KnownFor.kt","tags":{"FILE_LINE_OF_CODE":"43"}}
{"ts":1676969716051,"action":"FILE_CLOSED","file":"/app/src/main/java/com/example/mvvmcleanarchitecture/KnownFor.kt","tags":{"FILE_LINE_OF_CODE":"42"}}
{"ts":1676969716051,"action":"FILE_OPENED","file":"/app/src/main/java/com/example/mvvmcleanarchitecture/ArtistList.kt","tags":{"FILE_LINE_OF_CODE":"15"}}
{"ts":1676969722687,"action":"FILE_CLOSED","file":"/app/src/main/java/com/example/mvvmcleanarchitecture/ArtistList.kt","tags":{"FILE_LINE_OF_CODE":"14"}}
{"ts":1676969722687,"action":"FILE_OPENED","file":"/app/src/main/java/com/example/mvvmcleanarchitecture/KnownFor.kt","tags":{"FILE_LINE_OF_CODE":"42"}}
{"ts":1676969736724,"action":"FILE_CLOSED","file":"/app/src/main/java/com/example/mvvmcleanarchitecture/Artist.kt","tags":{"FILE_LINE_OF_CODE":"42"}}
{"ts":1676969736724,"action":"FILE_OPENED","file":"/app/src/main/java/com/example/mvvmcleanarchitecture/TvShowList.kt","tags":{"FILE_LINE_OF_CODE":"32"}}
{"ts":1676969737218,"action":"FILE_CLOSED","file":"/app/src/main/java/com/example/mvvmcleanarchitecture/TvShowList.kt","tags":{"FILE_LINE_OF_CODE":"32"}}
{"ts":1676969737218,"action":"FILE_OPENED","file":"/app/src/main/java/com/example/mvvmcleanarchitecture/TvShow.kt","tags":{"FILE_LINE_OF_CODE":"15"}}
{"ts":1676969737530,"action":"FILE_CLOSED","file":"/app/src/main/java/com/example/mvvmcleanarchitecture/TvShow.kt","tags":{"FILE_LINE_OF_CODE":"15"}}
{"ts":1676969737530,"action":"FILE_OPENED","file":"/app/src/main/java/com/example/mvvmcleanarchitecture/Movie.kt","tags":{"FILE_LINE_OF_CODE":"34"}}
{"ts":1676969737906,"action":"FILE_CLOSED","file":"/app/src/main/java/com/example/mvvmcleanarchitecture/Movie.kt","tags":{"FILE_LINE_OF_CODE":"34"}}
{"ts":1676969737906,"action":"FILE_OPENED","file":"/app/src/main/java/com/example/mvvmcleanarchitecture/MovieList.kt","tags":{"FILE_LINE_OF_CODE":"14"}}
{"ts":1676969738325,"action":"FILE_CLOSED","file":"/app/src/main/java/com/example/mvvmcleanarchitecture/MovieList.kt","tags":{"FILE_LINE_OF_CODE":"14"}}
{"ts":1676969738325,"action":"FILE_OPENED","file":"/app/src/main/java/com/example/mvvmcleanarchitecture/ArtistList.kt","tags":{"FILE_LINE_OF_CODE":"14"}}
{"ts":1676969738663,"action":"FILE_CLOSED","file":"/app/src/main/java/com/example/mvvmcleanarchitecture/ArtistList.kt","tags":{"FILE_LINE_OF_CODE":"14"}}
{"ts":1676969738663,"action":"FILE_OPENED","file":"/app/src/main/java/com/example/mvvmcleanarchitecture/MainActivity.kt","tags":{"FILE_LINE_OF_CODE":"12"}}
{"ts":1676969739045,"action":"FILE_CLOSED","file":"/app/src/main/java/com/example/mvvmcleanarchitecture/MainActivity.kt","tags":{"FILE_LINE_OF_CODE":"12"}}
{"ts":1676969742361,"action":"IDE_DEACTIVATED"}
{"ts":1676969939077,"action":"IDE_ACTIVATED"}
{"ts":1676969956540,"action":"IDE_DEACTIVATED"}
{"ts":1676969972443,"action":"IDE_ACTIVATED"}
{"ts":1676969994434,"action":"IDE_DEACTIVATED"}
{"ts":1676969996257,"action":"IDE_ACTIVATED"}
{"ts":1676970013343,"action":"IDE_DEACTIVATED"}
{"ts":1676970043122,"action":"IDE_ACTIVATED"}
{"ts":1676970067066,"action":"FILE_OPENED","file":"/app/src/main/java/com/example/mvvmcleanarchitecture/api/TMDBServicew.kt","tags":{"FILE_LINE_OF_CODE":"4"}}
{"ts":1676970088205,"action":"IDE_DEACTIVATED"}
{"ts":1676970120940,"action":"IDE_ACTIVATED"}
{"ts":1676970125846,"action":"IDE_DEACTIVATED"}
{"ts":1676970158440,"action":"IDE_ACTIVATED"}
{"ts":1676970207718,"action":"IDE_DEACTIVATED"}
{"ts":1676970218495,"action":"IDE_ACTIVATED"}
{"ts":1676970279642,"action":"FILE_CLOSED","file":"/app/src/main/java/com/example/mvvmcleanarchitecture/api/TMDBService.kt","tags":{"FILE_LINE_OF_CODE":"19"}}
{"ts":1676970279642,"action":"FILE_OPENED","file":"/app/src/main/AndroidManifest.xml","tags":{"FILE_LINE_OF_CODE":"25"}}
{"ts":1676970370590,"action":"FILE_CLOSED","file":"/app/src/main/AndroidManifest.xml","tags":{"FILE_LINE_OF_CODE":"27"}}
{"ts":1676970370590,"action":"FILE_OPENED","file":"/app/src/main/java/com/example/mvvmcleanarchitecture/model/Artist.kt","tags":{"FILE_LINE_OF_CODE":"42"}}
{"ts":1676970413432,"action":"IDE_DEACTIVATED"}
{"ts":1676970417938,"action":"IDE_ACTIVATED"}
{"ts":1676970435591,"action":"IDE_DEACTIVATED"}
{"ts":1676970443620,"action":"IDE_ACTIVATED"}
{"ts":1676970467479,"action":"FILE_CLOSED","file":"/app/src/main/java/com/example/mvvmcleanarchitecture/model/Artist.kt","tags":{"FILE_LINE_OF_CODE":"22"}}
{"ts":1676970467479,"action":"FILE_OPENED","file":"/app/src/main/java/com/example/mvvmcleanarchitecture/model/ArtistList.kt","tags":{"FILE_LINE_OF_CODE":"14"}}
{"ts":1676970471283,"action":"FILE_CLOSED","file":"/app/src/main/java/com/example/mvvmcleanarchitecture/model/ArtistList.kt","tags":{"FILE_LINE_OF_CODE":"14"}}
{"ts":1676970471283,"action":"FILE_OPENED","file":"/app/src/main/java/com/example/mvvmcleanarchitecture/model/Artist.kt","tags":{"FILE_LINE_OF_CODE":"22"}}
{"ts":1676970519602,"action":"IDE_DEACTIVATED"}
{"ts":1676970708081,"action":"IDE_ACTIVATED"}
{"ts":1676970724780,"action":"FILE_CLOSED","file":"/app/src/main/java/com/example/mvvmcleanarchitecture/model/Artist.kt","tags":{"FILE_LINE_OF_CODE":"18"}}
{"ts":1676970724780,"action":"FILE_OPENED","file":"/app/src/main/java/com/example/mvvmcleanarchitecture/model/Movie.kt","tags":{"FILE_LINE_OF_CODE":"34"}}
{"ts":1676970727233,"action":"IDE_DEACTIVATED"}
{"ts":1676970746063,"action":"IDE_ACTIVATED"}
{"ts":1676970796581,"action":"IDE_DEACTIVATED"}
{"ts":1676970803833,"action":"IDE_ACTIVATED"}
{"ts":1676970805693,"action":"IDE_DEACTIVATED"}
{"ts":1676970810921,"action":"IDE_ACTIVATED"}
{"ts":1676970818350,"action":"FILE_CLOSED","file":"/app/src/main/java/com/example/mvvmcleanarchitecture/model/Movie.kt","tags":{"FILE_LINE_OF_CODE":"22"}}
{"ts":1676970818350,"action":"FILE_OPENED","file":"/app/src/main/java/com/example/mvvmcleanarchitecture/model/ArtistList.kt","tags":{"FILE_LINE_OF_CODE":"14"}}
{"ts":1676970819242,"action":"FILE_CLOSED","file":"/app/src/main/java/com/example/mvvmcleanarchitecture/model/ArtistList.kt","tags":{"FILE_LINE_OF_CODE":"14"}}
{"ts":1676970819242,"action":"FILE_OPENED","file":"/app/src/main/java/com/example/mvvmcleanarchitecture/model/Artist.kt","tags":{"FILE_LINE_OF_CODE":"18"}}
{"ts":1676970823326,"action":"FILE_CLOSED","file":"/app/src/main/java/com/example/mvvmcleanarchitecture/model/Artist.kt","tags":{"FILE_LINE_OF_CODE":"18"}}
{"ts":1676970823326,"action":"FILE_OPENED","file":"/app/src/main/java/com/example/mvvmcleanarchitecture/model/TvShowList.kt","tags":{"FILE_LINE_OF_CODE":"32"}}
{"ts":1676970830413,"action":"FILE_CLOSED","file":"/app/src/main/java/com/example/mvvmcleanarchitecture/model/TvShowList.kt","tags":{"FILE_LINE_OF_CODE":"33"}}
{"ts":1676970830413,"action":"FILE_OPENED","file":"/app/src/main/java/com/example/mvvmcleanarchitecture/model/TvShow.kt","tags":{"FILE_LINE_OF_CODE":"15"}}
{"ts":1676970833563,"action":"FILE_CLOSED","file":"/app/src/main/java/com/example/mvvmcleanarchitecture/model/TvShow.kt","tags":{"FILE_LINE_OF_CODE":"15"}}
{"ts":1676970833563,"action":"FILE_OPENED","file":"/app/src/main/java/com/example/mvvmcleanarchitecture/model/TvShowList.kt","tags":{"FILE_LINE_OF_CODE":"33"}}
{"ts":1676970836177,"action":"FILE_CLOSED","file":"/app/src/main/java/com/example/mvvmcleanarchitecture/model/TvShowList.kt","tags":{"FILE_LINE_OF_CODE":"33"}}
{"ts":1676970836177,"action":"FILE_OPENED","file":"/app/src/main/java/com/example/mvvmcleanarchitecture/model/Result.kt","tags":{"FILE_LINE_OF_CODE":"23"}}
{"ts":1676970848143,"action":"FILE_CLOSED","file":"/app/src/main/java/com/example/mvvmcleanarchitecture/model/Result.kt","tags":{"FILE_LINE_OF_CODE":"22"}}
{"ts":1676970848143,"action":"FILE_OPENED","file":"/app/src/main/java/com/example/mvvmcleanarchitecture/model/TvShow.kt","tags":{"FILE_LINE_OF_CODE":"15"}}
{"ts":1676970851379,"action":"FILE_CLOSED","file":"/app/src/main/java/com/example/mvvmcleanarchitecture/model/TvShow.kt","tags":{"FILE_LINE_OF_CODE":"15"}}
{"ts":1676970851379,"action":"FILE_OPENED","file":"/app/src/main/java/com/example/mvvmcleanarchitecture/model/TvShowList.kt","tags":{"FILE_LINE_OF_CODE":"33"}}
{"ts":1676970859298,"action":"FILE_CLOSED","file":"/app/src/main/java/com/example/mvvmcleanarchitecture/model/TvShowList.kt","tags":{"FILE_LINE_OF_CODE":"33"}}
{"ts":1676970859298,"action":"FILE_OPENED","file":"/app/src/main/java/com/example/mvvmcleanarchitecture/model/TvShow.kt","tags":{"FILE_LINE_OF_CODE":"15"}}
{"ts":1676970874326,"action":"FILE_CLOSED","file":"/app/src/main/java/com/example/mvvmcleanarchitecture/model/TvShowCollections.kt","tags":{"FILE_LINE_OF_CODE":"15"}}
{"ts":1676970874326,"action":"FILE_OPENED","file":"/app/src/main/java/com/example/mvvmcleanarchitecture/model/TvShowList.kt","tags":{"FILE_LINE_OF_CODE":"33"}}
{"ts":1676970920128,"action":"FILE_CLOSED","file":"/app/src/main/java/com/example/mvvmcleanarchitecture/model/TvShow.kt","tags":{"FILE_LINE_OF_CODE":"19"}}
{"ts":1676970920128,"action":"FILE_OPENED","file":"/app/src/main/java/com/example/mvvmcleanarchitecture/model/TvShowCollections.kt","tags":{"FILE_LINE_OF_CODE":"15"}}
{"ts":1676970932702,"action":"FILE_CLOSED","file":"/app/src/main/java/com/example/mvvmcleanarchitecture/model/TvShowLists.kt","tags":{"FILE_LINE_OF_CODE":"14"}}
{"ts":1676970932702,"action":"FILE_OPENED","file":"/app/src/main/java/com/example/mvvmcleanarchitecture/model/TvShow.kt","tags":{"FILE_LINE_OF_CODE":"19"}}
{"ts":1676970947561,"action":"FILE_CLOSED","file":"/app/src/main/java/com/example/mvvmcleanarchitecture/model/TvShow.kt","tags":{"FILE_LINE_OF_CODE":"21"}}
{"ts":1676970947561,"action":"FILE_OPENED","file":"/app/src/main/java/com/example/mvvmcleanarchitecture/model/TvShowLists.kt","tags":{"FILE_LINE_OF_CODE":"14"}}
{"ts":1676970950125,"action":"IDE_DEACTIVATED"}
{"ts":1676970977129,"action":"IDE_ACTIVATED"}
{"ts":1676971062691,"action":"FILE_CLOSED","file":"/app/src/main/java/com/example/mvvmcleanarchitecture/model/TvShowLists.kt","tags":{"FILE_LINE_OF_CODE":"14"}}
{"ts":1676971062691,"action":"FILE_OPENED","file":"/app/src/main/java/com/example/mvvmcleanarchitecture/data/MovieDao.kt","tags":{"FILE_LINE_OF_CODE":"4"}}
{"ts":1676971070047,"action":"IDE_DEACTIVATED"}
{"ts":1676971167293,"action":"IDE_ACTIVATED"}
{"ts":1676971169180,"action":"IDE_DEACTIVATED"}
{"ts":1676971214303,"action":"IDE_ACTIVATED"}
{"ts":1676971333720,"action":"IDE_DEACTIVATED"}
{"ts":1676971455409,"action":"IDE_ACTIVATED"}
{"ts":1676971463609,"action":"FILE_CLOSED","file":"/app/src/main/java/com/example/mvvmcleanarchitecture/data/MovieDao.kt","tags":{"FILE_LINE_OF_CODE":"20"}}
{"ts":1676971463609,"action":"FILE_OPENED","file":"/app/src/main/java/com/example/mvvmcleanarchitecture/data/ArtistDao.kt","tags":{"FILE_LINE_OF_CODE":"20"}}
{"ts":1676971476160,"action":"FILE_CLOSED","file":"/app/src/main/java/com/example/mvvmcleanarchitecture/data/ArtistDao.kt","tags":{"FILE_LINE_OF_CODE":"20"}}
{"ts":1676971476160,"action":"FILE_OPENED","file":"/app/src/main/java/com/example/mvvmcleanarchitecture/data/TvShowDao.kt","tags":{"FILE_LINE_OF_CODE":"20"}}
{"ts":1676971480823,"action":"FILE_CLOSED","file":"/app/src/main/java/com/example/mvvmcleanarchitecture/data/TvShowDao.kt","tags":{"FILE_LINE_OF_CODE":"20"}}
{"ts":1676971480823,"action":"FILE_OPENED","file":"/app/src/main/java/com/example/mvvmcleanarchitecture/model/Artist.kt","tags":{"FILE_LINE_OF_CODE":"18"}}
{"ts":1676971483241,"action":"FILE_CLOSED","file":"/app/src/main/java/com/example/mvvmcleanarchitecture/model/Artist.kt","tags":{"FILE_LINE_OF_CODE":"18"}}
{"ts":1676971483241,"action":"FILE_OPENED","file":"/app/src/main/java/com/example/mvvmcleanarchitecture/data/ArtistDao.kt","tags":{"FILE_LINE_OF_CODE":"20"}}
{"ts":1676971511595,"action":"IDE_DEACTIVATED"}
{"ts":1676971513169,"action":"IDE_ACTIVATED"}
{"ts":1676971516212,"action":"FILE_CLOSED","file":"/app/src/main/java/com/example/mvvmcleanarchitecture/data/ArtistDao.kt","tags":{"FILE_LINE_OF_CODE":"21"}}
{"ts":1676971516212,"action":"FILE_OPENED","file":"/app/src/main/java/com/example/mvvmcleanarchitecture/data/MovieDao.kt","tags":{"FILE_LINE_OF_CODE":"20"}}
{"ts":1676971523691,"action":"FILE_CLOSED","file":"/app/src/main/java/com/example/mvvmcleanarchitecture/data/MovieDao.kt","tags":{"FILE_LINE_OF_CODE":"20"}}
{"ts":1676971523691,"action":"FILE_OPENED","file":"/app/src/main/java/com/example/mvvmcleanarchitecture/model/TvShow.kt","tags":{"FILE_LINE_OF_CODE":"21"}}
{"ts":1676971526294,"action":"FILE_CLOSED","file":"/app/src/main/java/com/example/mvvmcleanarchitecture/model/TvShow.kt","tags":{"FILE_LINE_OF_CODE":"21"}}
{"ts":1676971526294,"action":"FILE_OPENED","file":"/app/src/main/java/com/example/mvvmcleanarchitecture/data/TvShowDao.kt","tags":{"FILE_LINE_OF_CODE":"20"}}
{"ts":1676971593871,"action":"IDE_DEACTIVATED"}
{"ts":1676972027891,"action":"IDE_ACTIVATED"}
{"ts":1676972028587,"action":"IDE_DEACTIVATED"}
{"ts":1676972029117,"action":"IDE_ACTIVATED"}
{"ts":1676972036981,"action":"FILE_CLOSED","file":"/app/src/main/java/com/example/mvvmcleanarchitecture/data/TvShowDao.kt","tags":{"FILE_LINE_OF_CODE":"21"}}
{"ts":1676972036981,"action":"FILE_OPENED","file":"/app/src/main/java/com/example/mvvmcleanarchitecture/data/MovieDao.kt","tags":{"FILE_LINE_OF_CODE":"20"}}
{"ts":1676972045013,"action":"FILE_CLOSED","file":"/app/src/main/java/com/example/mvvmcleanarchitecture/data/MovieDao.kt","tags":{"FILE_LINE_OF_CODE":"20"}}
{"ts":1676972045013,"action":"FILE_OPENED","file":"/app/src/main/java/com/example/mvvmcleanarchitecture/data/ArtistDao.kt","tags":{"FILE_LINE_OF_CODE":"21"}}
{"ts":1676972113334,"action":"IDE_DEACTIVATED"}
{"ts":1676972216237,"action":"IDE_ACTIVATED"}
{"ts":1676972227987,"action":"FILE_CLOSED","file":"/app/src/main/java/com/example/mvvmcleanarchitecture/data/ArtistDao.kt","tags":{"FILE_LINE_OF_CODE":"20"}}
{"ts":1676972227987,"action":"FILE_OPENED","file":"/app/src/main/java/com/example/mvvmcleanarchitecture/TMDBDatabase.kt","tags":{"FILE_LINE_OF_CODE":"4"}}
{"ts":1676972462742,"action":"IDE_DEACTIVATED"}
{"ts":1676972595817,"action":"IDE_ACTIVATED"}
{"ts":1676972600893,"action":"IDE_DEACTIVATED"}
{"ts":1676973062778,"action":"IDE_ACTIVATED"}
{"ts":1676973064987,"action":"IDE_DEACTIVATED"}
{"ts":1677042051783,"action":"FILE_CLOSED","file":"/app/src/main/java/com/example/mvvmcleanarchitecture/TMDBDatabase.kt","tags":{"FILE_LINE_OF_CODE":"21"}}
{"ts":1677042051796,"action":"PROJECT_CLOSED","tags":{"PROJECT_NAME":"My Application"}}
{"ts":1677046901020,"action":"FILE_OPENED","file":"/app/src/main/java/com/example/mvvmcleanarchitecture/model/Artist.kt","tags":{"FILE_LINE_OF_CODE":"18"}}
{"ts":1677046901888,"action":"PROJECT_OPENED","tags":{"PROJECT_NAME":"My Application"}}
{"ts":1677047026350,"action":"IDE_ACTIVATED"}
{"ts":1677047026926,"action":"FILE_CLOSED","file":"/app/src/main/java/com/example/mvvmcleanarchitecture/model/Artist.kt","tags":{"FILE_LINE_OF_CODE":"18"}}
{"ts":1677047026926,"action":"FILE_OPENED","file":"/app/src/main/java/com/example/mvvmcleanarchitecture/TMDBDatabase.kt","tags":{"FILE_LINE_OF_CODE":"21"}}
{"ts":1677047027370,"action":"IDE_DEACTIVATED"}
{"ts":1677047028590,"action":"IDE_ACTIVATED"}
{"ts":1677047031378,"action":"FILE_CLOSED","file":"/app/src/main/java/com/example/mvvmcleanarchitecture/TMDBDatabase.kt","tags":{"FILE_LINE_OF_CODE":"21"}}
{"ts":1677047031378,"action":"FILE_OPENED","file":"/app/src/main/java/com/example/mvvmcleanarchitecture/model/ArtistList.kt","tags":{"FILE_LINE_OF_CODE":"14"}}
{"ts":1677047032850,"action":"IDE_DEACTIVATED"}
{"ts":1677047758256,"action":"IDE_ACTIVATED"}
{"ts":1677047761367,"action":"FILE_CLOSED","file":"/app/src/main/java/com/example/mvvmcleanarchitecture/model/ArtistList.kt","tags":{"FILE_LINE_OF_CODE":"14"}}
{"ts":1677047761390,"action":"PROJECT_CLOSED","tags":{"PROJECT_NAME":"My Application"}}
{"ts":1677055870862,"action":"FILE_OPENED","file":"/app/src/main/java/com/example/mvvmcleanarchitecture/model/Artist.kt","tags":{"FILE_LINE_OF_CODE":"18"}}
{"ts":1677055871021,"action":"PROJECT_OPENED","tags":{"PROJECT_NAME":"My Application"}}
{"ts":1677055871306,"action":"FILE_CLOSED","file":"/app/src/main/java/com/example/mvvmcleanarchitecture/model/Artist.kt","tags":{"FILE_LINE_OF_CODE":"18"}}
{"ts":1677055871306,"action":"FILE_OPENED","file":"/app/src/main/java/com/example/mvvmcleanarchitecture/model/ArtistList.kt","tags":{"FILE_LINE_OF_CODE":"14"}}
{"ts":1677055884379,"action":"FILE_CLOSED","file":"/app/src/main/java/com/example/mvvmcleanarchitecture/model/ArtistList.kt","tags":{"FILE_LINE_OF_CODE":"14"}}
{"ts":1677055884379,"action":"FILE_OPENED","file":"/app/src/main/java/com/example/mvvmcleanarchitecture/data/ArtistDao.kt","tags":{"FILE_LINE_OF_CODE":"20"}}
{"ts":1677055887210,"action":"FILE_CLOSED","file":"/app/src/main/java/com/example/mvvmcleanarchitecture/data/ArtistDao.kt","tags":{"FILE_LINE_OF_CODE":"20"}}
{"ts":1677055887210,"action":"FILE_OPENED","file":"/app/src/main/java/com/example/mvvmcleanarchitecture/data/MovieDao.kt","tags":{"FILE_LINE_OF_CODE":"20"}}
{"ts":1677055908364,"action":"FILE_CLOSED","file":"/app/src/main/java/com/example/mvvmcleanarchitecture/data/MovieDao.kt","tags":{"FILE_LINE_OF_CODE":"20"}}
{"ts":1677055908364,"action":"FILE_OPENED","file":"/app/src/main/java/com/example/mvvmcleanarchitecture/model/TvShowLists.kt","tags":{"FILE_LINE_OF_CODE":"14"}}
{"ts":1677055908606,"action":"FILE_CLOSED","file":"/app/src/main/java/com/example/mvvmcleanarchitecture/model/TvShowLists.kt","tags":{"FILE_LINE_OF_CODE":"14"}}
{"ts":1677055908606,"action":"FILE_OPENED","file":"/app/src/main/java/com/example/mvvmcleanarchitecture/model/Result.kt","tags":{"FILE_LINE_OF_CODE":"22"}}
{"ts":1677055908900,"action":"FILE_CLOSED","file":"/app/src/main/java/com/example/mvvmcleanarchitecture/model/Result.kt","tags":{"FILE_LINE_OF_CODE":"22"}}
{"ts":1677055908900,"action":"FILE_OPENED","file":"/app/src/main/java/com/example/mvvmcleanarchitecture/model/TvShow.kt","tags":{"FILE_LINE_OF_CODE":"21"}}
{"ts":1677055927072,"action":"IDE_DEACTIVATED"}
{"ts":1677056046311,"action":"IDE_ACTIVATED"}
{"ts":1677056082929,"action":"IDE_DEACTIVATED"}
{"ts":1677056146486,"action":"IDE_ACTIVATED"}
{"ts":1677056156279,"action":"IDE_DEACTIVATED"}
{"ts":1677056210952,"action":"IDE_ACTIVATED"}
{"ts":1677056222747,"action":"FILE_CLOSED","file":"/app/src/main/java/com/example/mvvmcleanarchitecture/model/TvShow.kt","tags":{"FILE_LINE_OF_CODE":"21"}}
{"ts":1677056222747,"action":"FILE_OPENED","file":"/app/src/main/java/com/example/mvvmcleanarchitecture/domain/MoviesRepository.kt","tags":{"FILE_LINE_OF_CODE":"4"}}
{"ts":1677056271628,"action":"FILE_CLOSED","file":"/app/src/main/java/com/example/mvvmcleanarchitecture/domain/MoviesRepository.kt","tags":{"FILE_LINE_OF_CODE":"9"}}
{"ts":1677056271628,"action":"FILE_OPENED","file":"/app/src/main/java/com/example/mvvmcleanarchitecture/domain/GetMoviesUseCase.kt","tags":{"FILE_LINE_OF_CODE":"4"}}
{"ts":1677056285712,"action":"FILE_CLOSED","file":"/app/src/main/java/com/example/mvvmcleanarchitecture/domain/GetMoviesUseCase.kt","tags":{"FILE_LINE_OF_CODE":"4"}}
{"ts":1677056285712,"action":"FILE_OPENED","file":"/app/src/main/java/com/example/mvvmcleanarchitecture/domain/UpdateMoviesUseCase.kt","tags":{"FILE_LINE_OF_CODE":"4"}}
{"ts":1677056311873,"action":"IDE_DEACTIVATED"}
{"ts":1677056322671,"action":"IDE_ACTIVATED"}
{"ts":1677056331485,"action":"FILE_CLOSED","file":"/app/src/main/java/com/example/mvvmcleanarchitecture/domain/UpdateMoviesUseCase.kt","tags":{"FILE_LINE_OF_CODE":"6"}}
{"ts":1677056331485,"action":"FILE_OPENED","file":"/app/src/main/java/com/example/mvvmcleanarchitecture/domain/MoviesRepository.kt","tags":{"FILE_LINE_OF_CODE":"9"}}
{"ts":1677056332013,"action":"FILE_CLOSED","file":"/app/src/main/java/com/example/mvvmcleanarchitecture/domain/MoviesRepository.kt","tags":{"FILE_LINE_OF_CODE":"9"}}
{"ts":1677056332013,"action":"FILE_OPENED","file":"/app/src/main/java/com/example/mvvmcleanarchitecture/domain/GetMoviesUseCase.kt","tags":{"FILE_LINE_OF_CODE":"4"}}
{"ts":1677056361469,"action":"IDE_DEACTIVATED"}
{"ts":1677056384873,"action":"IDE_ACTIVATED"}
{"ts":1677056409908,"action":"FILE_CLOSED","file":"/app/src/main/java/com/example/mvvmcleanarchitecture/domain/GetMoviesUseCase.kt","tags":{"FILE_LINE_OF_CODE":"6"}}
{"ts":1677056409908,"action":"FILE_OPENED","file":"/app/src/main/java/com/example/mvvmcleanarchitecture/domain/UpdateMoviesUseCase.kt","tags":{"FILE_LINE_OF_CODE":"6"}}
{"ts":1677056443611,"action":"FILE_CLOSED","file":"/app/src/main/java/com/example/mvvmcleanarchitecture/domain/UpdateMoviesUseCase.kt","tags":{"FILE_LINE_OF_CODE":"8"}}
{"ts":1677056443611,"action":"FILE_OPENED","file":"/app/src/main/java/com/example/mvvmcleanarchitecture/domain/GetMoviesUseCase.kt","tags":{"FILE_LINE_OF_CODE":"6"}}
{"ts":1677056446274,"action":"FILE_CLOSED","file":"/app/src/main/java/com/example/mvvmcleanarchitecture/domain/GetMoviesUseCase.kt","tags":{"FILE_LINE_OF_CODE":"6"}}
{"ts":1677056446274,"action":"FILE_OPENED","file":"/app/src/main/java/com/example/mvvmcleanarchitecture/domain/UpdateMoviesUseCase.kt","tags":{"FILE_LINE_OF_CODE":"8"}}
{"ts":1677056453276,"action":"FILE_CLOSED","file":"/app/src/main/java/com/example/mvvmcleanarchitecture/domain/UpdateMoviesUseCase.kt","tags":{"FILE_LINE_OF_CODE":"8"}}
{"ts":1677056453276,"action":"FILE_OPENED","file":"/app/src/main/java/com/example/mvvmcleanarchitecture/domain/TvShowsRepository.kt","tags":{"FILE_LINE_OF_CODE":"9"}}
{"ts":1677056479212,"action":"FILE_CLOSED","file":"/app/src/main/java/com/example/mvvmcleanarchitecture/domain/TvShowsRepository.kt","tags":{"FILE_LINE_OF_CODE":"9"}}
{"ts":1677056479212,"action":"FILE_OPENED","file":"/app/src/main/java/com/example/mvvmcleanarchitecture/domain/ArtistsRepository.kt","tags":{"FILE_LINE_OF_CODE":"9"}}
{"ts":1677056498242,"action":"FILE_CLOSED","file":"/app/src/main/java/com/example/mvvmcleanarchitecture/domain/ArtistsRepository.kt","tags":{"FILE_LINE_OF_CODE":"10"}}
{"ts":1677056498242,"action":"FILE_OPENED","file":"/app/src/main/java/com/example/mvvmcleanarchitecture/domain/TvShowsRepository.kt","tags":{"FILE_LINE_OF_CODE":"9"}}
{"ts":1677056518723,"action":"FILE_CLOSED","file":"/app/src/main/java/com/example/mvvmcleanarchitecture/domain/TvShowsRepository.kt","tags":{"FILE_LINE_OF_CODE":"10"}}
{"ts":1677056518723,"action":"FILE_OPENED","file":"/app/src/main/java/com/example/mvvmcleanarchitecture/domain/GetTvShowsUseCase.kt","tags":{"FILE_LINE_OF_CODE":"6"}}
{"ts":1677056549490,"action":"IDE_DEACTIVATED"}
{"ts":1677056618622,"action":"IDE_ACTIVATED"}
{"ts":1677056624204,"action":"FILE_CLOSED","file":"/app/src/main/java/com/example/mvvmcleanarchitecture/domain/GetTvShowsUseCase.kt","tags":{"FILE_LINE_OF_CODE":"6"}}
{"ts":1677056624204,"action":"FILE_OPENED","file":"/app/src/main/java/com/example/mvvmcleanarchitecture/domain/UpdateTvShowsUseCase.kt","tags":{"FILE_LINE_OF_CODE":"8"}}
{"ts":1677056634910,"action":"FILE_CLOSED","file":"/app/src/main/java/com/example/mvvmcleanarchitecture/domain/UpdateTvShowsUseCase.kt","tags":{"FILE_LINE_OF_CODE":"8"}}
{"ts":1677056634910,"action":"FILE_OPENED","file":"/app/src/main/java/com/example/mvvmcleanarchitecture/domain/UpdateArtistsUseCase.kt","tags":{"FILE_LINE_OF_CODE":"8"}}
{"ts":1677056655308,"action":"FILE_CLOSED","file":"/app/src/main/java/com/example/mvvmcleanarchitecture/domain/UpdateArtistsUseCase.kt","tags":{"FILE_LINE_OF_CODE":"8"}}
{"ts":1677056655308,"action":"FILE_OPENED","file":"/app/src/main/java/com/example/mvvmcleanarchitecture/domain/UpdateMoviesUseCase.kt","tags":{"FILE_LINE_OF_CODE":"8"}}
{"ts":1677056658376,"action":"FILE_CLOSED","file":"/app/src/main/java/com/example/mvvmcleanarchitecture/domain/UpdateMoviesUseCase.kt","tags":{"FILE_LINE_OF_CODE":"8"}}
{"ts":1677056658376,"action":"FILE_OPENED","file":"/app/src/main/java/com/example/mvvmcleanarchitecture/domain/UpdateTvShowsUseCase.kt","tags":{"FILE_LINE_OF_CODE":"8"}}
{"ts":1677056659374,"action":"FILE_CLOSED","file":"/app/src/main/java/com/example/mvvmcleanarchitecture/domain/UpdateTvShowsUseCase.kt","tags":{"FILE_LINE_OF_CODE":"8"}}
{"ts":1677056659374,"action":"FILE_OPENED","file":"/app/src/main/java/com/example/mvvmcleanarchitecture/domain/UpdateArtistsUseCase.kt","tags":{"FILE_LINE_OF_CODE":"8"}}
{"ts":1677056661059,"action":"FILE_CLOSED","file":"/app/src/main/java/com/example/mvvmcleanarchitecture/domain/UpdateArtistsUseCase.kt","tags":{"FILE_LINE_OF_CODE":"8"}}
{"ts":1677056661059,"action":"FILE_OPENED","file":"/app/src/main/java/com/example/mvvmcleanarchitecture/domain/UpdateTvShowsUseCase.kt","tags":{"FILE_LINE_OF_CODE":"8"}}
{"ts":1677056687065,"action":"IDE_DEACTIVATED"}
{"ts":1677056735392,"action":"IDE_ACTIVATED"}
{"ts":1677056742995,"action":"FILE_CLOSED","file":"/app/src/main/java/com/example/mvvmcleanarchitecture/domain/UpdateTvShowsUseCase.kt","tags":{"FILE_LINE_OF_CODE":"9"}}
{"ts":1677056742995,"action":"FILE_OPENED","file":"/app/src/main/java/com/example/mvvmcleanarchitecture/domain/GetArtistsShowsUseCase.kt","tags":{"FILE_LINE_OF_CODE":"6"}}
{"ts":1677056764248,"action":"IDE_DEACTIVATED"}
{"ts":1677056782865,"action":"IDE_ACTIVATED"}
{"ts":1677056849191,"action":"IDE_DEACTIVATED"}
{"ts":1677056856485,"action":"IDE_ACTIVATED"}
{"ts":1677056931682,"action":"FILE_CLOSED","file":"/app/src/main/java/com/example/mvvmcleanarchitecture/domain/usecase/GetArtistsUseCase.kt","tags":{"FILE_LINE_OF_CODE":"8"}}
{"ts":1677056931682,"action":"FILE_OPENED","file":"/app/src/main/java/com/example/mvvmcleanarchitecture/data/repository/ArtistRepositoryImpl.kt","tags":{"FILE_LINE_OF_CODE":"4"}}
{"ts":1677056950429,"action":"IDE_DEACTIVATED"}
{"ts":1677056955155,"action":"IDE_ACTIVATED"}
{"ts":1677056961158,"action":"FILE_CLOSED","file":"/app/src/main/java/com/example/mvvmcleanarchitecture/data/repository/ArtistRepositoryImpl.kt","tags":{"FILE_LINE_OF_CODE":"13"}}
{"ts":1677056961158,"action":"FILE_OPENED","file":"/app/src/main/java/com/example/mvvmcleanarchitecture/data/repository/TvShowsRepositoryImpl.kt","tags":{"FILE_LINE_OF_CODE":"13"}}
{"ts":1677056998185,"action":"FILE_CLOSED","file":"/app/src/main/java/com/example/mvvmcleanarchitecture/data/repository/TvShowsRepositoryImpl.kt","tags":{"FILE_LINE_OF_CODE":"12"}}
{"ts":1677056998185,"action":"FILE_OPENED","file":"/app/src/main/java/com/example/mvvmcleanarchitecture/data/repository/MovieRepositoryImpl.kt","tags":{"FILE_LINE_OF_CODE":"13"}}
{"ts":1677057034144,"action":"FILE_CLOSED","file":"/app/src/main/java/com/example/mvvmcleanarchitecture/data/repository/MovieRepositoryImpl.kt","tags":{"FILE_LINE_OF_CODE":"12"}}
{"ts":1677057034144,"action":"FILE_OPENED","file":"/app/src/main/java/com/example/mvvmcleanarchitecture/data/repository/TvShowsRepositoryImpl.kt","tags":{"FILE_LINE_OF_CODE":"12"}}
{"ts":1677057036509,"action":"FILE_CLOSED","file":"/app/src/main/java/com/example/mvvmcleanarchitecture/data/repository/TvShowsRepositoryImpl.kt","tags":{"FILE_LINE_OF_CODE":"12"}}
{"ts":1677057036509,"action":"FILE_OPENED","file":"/app/src/main/java/com/example/mvvmcleanarchitecture/data/repository/ArtistRepositoryImpl.kt","tags":{"FILE_LINE_OF_CODE":"13"}}
{"ts":1677057041300,"action":"IDE_DEACTIVATED"}
{"ts":1677057538022,"action":"IDE_ACTIVATED"}
{"ts":1677057729060,"action":"IDE_DEACTIVATED"}
{"ts":1677058168607,"action":"IDE_ACTIVATED"}
{"ts":1677058170798,"action":"IDE_DEACTIVATED"}
{"ts":1677058394198,"action":"IDE_ACTIVATED"}
{"ts":1677058397036,"action":"IDE_DEACTIVATED"}
{"ts":1677058397056,"action":"IDE_ACTIVATED"}
{"ts":1677058406442,"action":"FILE_CLOSED","file":"/app/src/main/java/com/example/mvvmcleanarchitecture/data/repository/ArtistRepositoryImpl.kt","tags":{"FILE_LINE_OF_CODE":"13"}}
{"ts":1677058406442,"action":"FILE_OPENED","file":"/app/src/main/java/com/example/mvvmcleanarchitecture/data/api/TMDBService.kt","tags":{"FILE_LINE_OF_CODE":"19"}}
{"ts":1677058420109,"action":"FILE_CLOSED","file":"/app/src/main/java/com/example/mvvmcleanarchitecture/data/api/TMDBService.kt","tags":{"FILE_LINE_OF_CODE":"19"}}
{"ts":1677058420109,"action":"FILE_OPENED","file":"/app/src/main/java/com/example/mvvmcleanarchitecture/data/repository/ArtistRepositoryImpl.kt","tags":{"FILE_LINE_OF_CODE":"13"}}
{"ts":1677058522684,"action":"FILE_CLOSED","file":"/app/src/main/java/com/example/mvvmcleanarchitecture/data/repository/ArtistRepositoryImpl.kt","tags":{"FILE_LINE_OF_CODE":"13"}}
{"ts":1677058522684,"action":"FILE_OPENED","file":"/app/src/main/java/com/example/mvvmcleanarchitecture/domain/repository/ArtistsRepository.kt","tags":{"FILE_LINE_OF_CODE":"10"}}
{"ts":1677058581827,"action":"FILE_CLOSED","file":"/app/src/main/java/com/example/mvvmcleanarchitecture/domain/repository/ArtistsRepository.kt","tags":{"FILE_LINE_OF_CODE":"10"}}
{"ts":1677058581827,"action":"FILE_OPENED","file":"/app/src/main/java/com/example/mvvmcleanarchitecture/data/repository/movies/MovieRemoteDataSource.kt","tags":{"FILE_LINE_OF_CODE":"4"}}
{"ts":1677058598847,"action":"FILE_CLOSED","file":"/app/src/main/java/com/example/mvvmcleanarchitecture/data/repository/movies/MovieRemoteDataSource.kt","tags":{"FILE_LINE_OF_CODE":"4"}}
{"ts":1677058598847,"action":"FILE_OPENED","file":"/app/src/main/java/com/example/mvvmcleanarchitecture/data/repository/movies/MovieLocalDataSource.kt","tags":{"FILE_LINE_OF_CODE":"4"}}
{"ts":1677058604511,"action":"FILE_CLOSED","file":"/app/src/main/java/com/example/mvvmcleanarchitecture/data/repository/movies/MovieLocalDataSource.kt","tags":{"FILE_LINE_OF_CODE":"4"}}
{"ts":1677058604511,"action":"FILE_OPENED","file":"/app/src/main/java/com/example/mvvmcleanarchitecture/data/repository/movies/MovieCacheDataSource.kt","tags":{"FILE_LINE_OF_CODE":"4"}}
{"ts":1677058620516,"action":"FILE_CLOSED","file":"/app/src/main/java/com/example/mvvmcleanarchitecture/data/repository/movies/MovieCacheDataSource.kt","tags":{"FILE_LINE_OF_CODE":"4"}}
{"ts":1677058620516,"action":"FILE_OPENED","file":"/app/src/main/java/com/example/mvvmcleanarchitecture/data/repository/movies/MoviewDataSourceImpl.kt","tags":{"FILE_LINE_OF_CODE":"4"}}
{"ts":1677058640359,"action":"FILE_CLOSED","file":"/app/src/main/java/com/example/mvvmcleanarchitecture/data/repository/movies/MoviewRemoteDataSourceImpl.kt","tags":{"FILE_LINE_OF_CODE":"4"}}
{"ts":1677058640359,"action":"FILE_OPENED","file":"/app/src/main/java/com/example/mvvmcleanarchitecture/data/repository/movies/MovieLocaDataSourceImpl.kt","tags":{"FILE_LINE_OF_CODE":"4"}}
{"ts":1677058650995,"action":"FILE_CLOSED","file":"/app/src/main/java/com/example/mvvmcleanarchitecture/data/repository/movies/MovieLocaDataSourceImpl.kt","tags":{"FILE_LINE_OF_CODE":"4"}}
{"ts":1677058650995,"action":"FILE_OPENED","file":"/app/src/main/java/com/example/mvvmcleanarchitecture/data/repository/movies/MovieCacheDataSourceImpl.kt","tags":{"FILE_LINE_OF_CODE":"4"}}
{"ts":1677058665960,"action":"FILE_CLOSED","file":"/app/src/main/java/com/example/mvvmcleanarchitecture/data/repository/movies/MovieCacheDataSourceImpl.kt","tags":{"FILE_LINE_OF_CODE":"4"}}
{"ts":1677058665960,"action":"FILE_OPENED","file":"/app/src/main/java/com/example/mvvmcleanarchitecture/data/repository/movies/MovieCacheDataSource.kt","tags":{"FILE_LINE_OF_CODE":"4"}}
{"ts":1677058666808,"action":"FILE_CLOSED","file":"/app/src/main/java/com/example/mvvmcleanarchitecture/data/repository/movies/MovieCacheDataSource.kt","tags":{"FILE_LINE_OF_CODE":"4"}}
{"ts":1677058666808,"action":"FILE_OPENED","file":"/app/src/main/java/com/example/mvvmcleanarchitecture/data/repository/movies/MovieLocaDataSourceImpl.kt","tags":{"FILE_LINE_OF_CODE":"4"}}
{"ts":1677058669160,"action":"FILE_CLOSED","file":"/app/src/main/java/com/example/mvvmcleanarchitecture/data/repository/movies/MovieLocaDataSourceImpl.kt","tags":{"FILE_LINE_OF_CODE":"4"}}
{"ts":1677058669160,"action":"FILE_OPENED","file":"/app/src/main/java/com/example/mvvmcleanarchitecture/data/repository/movies/MovieLocalDataSource.kt","tags":{"FILE_LINE_OF_CODE":"4"}}
{"ts":1677058674809,"action":"FILE_CLOSED","file":"/app/src/main/java/com/example/mvvmcleanarchitecture/data/repository/movies/MovieLocalDataSource.kt","tags":{"FILE_LINE_OF_CODE":"4"}}
{"ts":1677058674809,"action":"FILE_OPENED","file":"/app/src/main/java/com/example/mvvmcleanarchitecture/data/repository/movies/MovieCacheDataSource.kt","tags":{"FILE_LINE_OF_CODE":"4"}}
{"ts":1677058696998,"action":"FILE_CLOSED","file":"/app/src/main/java/com/example/mvvmcleanarchitecture/data/repository/movies/MovieCacheDataSource.kt","tags":{"FILE_LINE_OF_CODE":"8"}}
{"ts":1677058696998,"action":"FILE_OPENED","file":"/app/src/main/java/com/example/mvvmcleanarchitecture/data/repository/movies/MovieLocaDataSourceImpl.kt","tags":{"FILE_LINE_OF_CODE":"4"}}
{"ts":1677058704293,"action":"FILE_CLOSED","file":"/app/src/main/java/com/example/mvvmcleanarchitecture/data/repository/movies/MovieLocalDataSourceImpl.kt","tags":{"FILE_LINE_OF_CODE":"4"}}
{"ts":1677058704293,"action":"FILE_OPENED","file":"/app/src/main/java/com/example/mvvmcleanarchitecture/data/repository/movies/MovieLocalDataSource.kt","tags":{"FILE_LINE_OF_CODE":"4"}}
{"ts":1677058714287,"action":"FILE_CLOSED","file":"/app/src/main/java/com/example/mvvmcleanarchitecture/data/repository/movies/MovieLocalDataSource.kt","tags":{"FILE_LINE_OF_CODE":"8"}}
{"ts":1677058714287,"action":"FILE_OPENED","file":"/app/src/main/java/com/example/mvvmcleanarchitecture/data/repository/movies/MovieRemoteDataSource.kt","tags":{"FILE_LINE_OF_CODE":"4"}}
{"ts":1677058727654,"action":"IDE_DEACTIVATED"}
{"ts":1677058845848,"action":"IDE_ACTIVATED"}
{"ts":1677058859346,"action":"FILE_CLOSED","file":"/app/src/main/java/com/example/mvvmcleanarchitecture/data/repository/movies/MovieRemoteDataSource.kt","tags":{"FILE_LINE_OF_CODE":"7"}}
{"ts":1677058859346,"action":"FILE_OPENED","file":"/app/src/main/java/com/example/mvvmcleanarchitecture/data/repository/ArtistRepositoryImpl.kt","tags":{"FILE_LINE_OF_CODE":"13"}}
{"ts":1677058877883,"action":"IDE_DEACTIVATED"}
{"ts":1677059069588,"action":"IDE_ACTIVATED"}
{"ts":1677059088343,"action":"IDE_DEACTIVATED"}
{"ts":1677059112809,"action":"IDE_ACTIVATED"}
{"ts":1677059115812,"action":"FILE_OPENED","file":"/app/src/main/java/com/example/mvvmcleanarchitecture/domain/repository/ArtistsRepository.kt","tags":{"FILE_LINE_OF_CODE":"10"}}
{"ts":1677059122336,"action":"FILE_CLOSED","file":"/app/src/main/java/com/example/mvvmcleanarchitecture/domain/repository/ArtistsRepository.kt","tags":{"FILE_LINE_OF_CODE":"10"}}
{"ts":1677059122336,"action":"FILE_OPENED","file":"/app/src/main/java/com/example/mvvmcleanarchitecture/data/repository/MovieRepositoryImpl.kt","tags":{"FILE_LINE_OF_CODE":"12"}}
{"ts":1677059168615,"action":"FILE_CLOSED","file":"/app/src/main/java/com/example/mvvmcleanarchitecture/data/repository/MovieRepositoryImpl.kt","tags":{"FILE_LINE_OF_CODE":"19"}}
{"ts":1677059168615,"action":"FILE_OPENED","file":"/app/src/main/java/com/example/mvvmcleanarchitecture/domain/repository/MoviesRepository.kt","tags":{"FILE_LINE_OF_CODE":"9"}}
{"ts":1677059192836,"action":"FILE_CLOSED","file":"/app/src/main/java/com/example/mvvmcleanarchitecture/domain/repository/MoviesRepository.kt","tags":{"FILE_LINE_OF_CODE":"11"}}
{"ts":1677059192836,"action":"FILE_OPENED","file":"/app/src/main/java/com/example/mvvmcleanarchitecture/data/repository/MovieRepositoryImpl.kt","tags":{"FILE_LINE_OF_CODE":"19"}}
{"ts":1677059224916,"action":"IDE_DEACTIVATED"}
{"ts":1677059261886,"action":"IDE_ACTIVATED"}
{"ts":1677059265539,"action":"FILE_CLOSED","file":"/app/src/main/java/com/example/mvvmcleanarchitecture/data/repository/MovieRepositoryImpl.kt","tags":{"FILE_LINE_OF_CODE":"27"}}
{"ts":1677059265539,"action":"FILE_OPENED","file":"/app/src/main/java/com/example/mvvmcleanarchitecture/data/repository/movies/MovieRemoteDataSource.kt","tags":{"FILE_LINE_OF_CODE":"7"}}
{"ts":1677059271189,"action":"IDE_DEACTIVATED"}
{"ts":1677059282232,"action":"IDE_ACTIVATED"}
{"ts":1677059287687,"action":"FILE_CLOSED","file":"/app/src/main/java/com/example/mvvmcleanarchitecture/data/repository/movies/MovieRemoteDataSource.kt","tags":{"FILE_LINE_OF_CODE":"8"}}
{"ts":1677059287687,"action":"FILE_OPENED","file":"/app/src/main/java/com/example/mvvmcleanarchitecture/data/repository/MovieRepositoryImpl.kt","tags":{"FILE_LINE_OF_CODE":"27"}}
{"ts":1677059371219,"action":"FILE_CLOSED","file":"/app/src/main/java/com/example/mvvmcleanarchitecture/data/repository/MovieRepositoryImpl.kt","tags":{"FILE_LINE_OF_CODE":"35"}}
{"ts":1677059371219,"action":"FILE_OPENED","file":"/app/src/main/java/com/example/mvvmcleanarchitecture/data/repository/movies/MovieRemoteDataSource.kt","tags":{"FILE_LINE_OF_CODE":"8"}}
{"ts":1677059374472,"action":"FILE_CLOSED","file":"/app/src/main/java/com/example/mvvmcleanarchitecture/data/repository/movies/MovieRemoteDataSource.kt","tags":{"FILE_LINE_OF_CODE":"9"}}
{"ts":1677059374472,"action":"FILE_OPENED","file":"/app/src/main/java/com/example/mvvmcleanarchitecture/data/repository/MovieRepositoryImpl.kt","tags":{"FILE_LINE_OF_CODE":"35"}}
{"ts":1677059425773,"action":"IDE_DEACTIVATED"}
{"ts":1677059435442,"action":"IDE_ACTIVATED"}
{"ts":1677059509407,"action":"IDE_DEACTIVATED"}
{"ts":1677059528078,"action":"IDE_ACTIVATED"}
{"ts":1677059563112,"action":"FILE_CLOSED","file":"/app/src/main/java/com/example/mvvmcleanarchitecture/data/repository/MovieRepositoryImpl.kt","tags":{"FILE_LINE_OF_CODE":"50"}}
{"ts":1677059563112,"action":"FILE_OPENED","file":"/app/src/main/java/com/example/mvvmcleanarchitecture/data/repository/movies/MovieLocalDataSource.kt","tags":{"FILE_LINE_OF_CODE":"8"}}
{"ts":1677059583346,"action":"FILE_CLOSED","file":"/app/src/main/java/com/example/mvvmcleanarchitecture/data/repository/movies/MovieLocalDataSource.kt","tags":{"FILE_LINE_OF_CODE":"10"}}
{"ts":1677059583346,"action":"FILE_OPENED","file":"/app/src/main/java/com/example/mvvmcleanarchitecture/data/repository/MovieRepositoryImpl.kt","tags":{"FILE_LINE_OF_CODE":"50"}}
{"ts":1677059591471,"action":"IDE_DEACTIVATED"}
{"ts":1677059900444,"action":"IDE_ACTIVATED"}
{"ts":1677059904489,"action":"FILE_CLOSED","file":"/app/src/main/java/com/example/mvvmcleanarchitecture/data/repository/MovieRepositoryImpl.kt","tags":{"FILE_LINE_OF_CODE":"50"}}
{"ts":1677059904489,"action":"FILE_OPENED","file":"/app/src/main/java/com/example/mvvmcleanarchitecture/domain/repository/MoviesRepository.kt","tags":{"FILE_LINE_OF_CODE":"11"}}
{"ts":1677059914454,"action":"FILE_CLOSED","file":"/app/src/main/java/com/example/mvvmcleanarchitecture/domain/repository/MoviesRepository.kt","tags":{"FILE_LINE_OF_CODE":"13"}}
{"ts":1677059914454,"action":"FILE_OPENED","file":"/app/src/main/java/com/example/mvvmcleanarchitecture/data/repository/MovieRepositoryImpl.kt","tags":{"FILE_LINE_OF_CODE":"50"}}
{"ts":1677059961514,"action":"FILE_CLOSED","file":"/app/src/main/java/com/example/mvvmcleanarchitecture/data/repository/MovieRepositoryImpl.kt","tags":{"FILE_LINE_OF_CODE":"66"}}
{"ts":1677059961514,"action":"FILE_OPENED","file":"/app/src/main/java/com/example/mvvmcleanarchitecture/data/repository/movies/MovieCacheDataSource.kt","tags":{"FILE_LINE_OF_CODE":"8"}}
{"ts":1677059996168,"action":"FILE_CLOSED","file":"/app/src/main/java/com/example/mvvmcleanarchitecture/data/repository/movies/MovieCacheDataSource.kt","tags":{"FILE_LINE_OF_CODE":"10"}}
{"ts":1677059996169,"action":"FILE_OPENED","file":"/app/src/main/java/com/example/mvvmcleanarchitecture/data/repository/MovieRepositoryImpl.kt","tags":{"FILE_LINE_OF_CODE":"66"}}
{"ts":1677060006508,"action":"FILE_CLOSED","file":"/app/src/main/java/com/example/mvvmcleanarchitecture/data/repository/MovieRepositoryImpl.kt","tags":{"FILE_LINE_OF_CODE":"66"}}
{"ts":1677060006508,"action":"FILE_OPENED","file":"/app/src/main/java/com/example/mvvmcleanarchitecture/data/repository/movies/MovieCacheDataSourceImpl.kt","tags":{"FILE_LINE_OF_CODE":"4"}}
{"ts":1677060017347,"action":"IDE_DEACTIVATED"}
{"ts":1677060027927,"action":"IDE_ACTIVATED"}
{"ts":1677060046855,"action":"IDE_DEACTIVATED"}
{"ts":1677060051453,"action":"IDE_ACTIVATED"}
{"ts":1677060343870,"action":"IDE_DEACTIVATED"}
{"ts":1677060644631,"action":"IDE_ACTIVATED"}
{"ts":1677060677978,"action":"IDE_DEACTIVATED"}
{"ts":1677061193315,"action":"IDE_ACTIVATED"}
{"ts":1677061197044,"action":"FILE_CLOSED","file":"/app/src/main/java/com/example/mvvmcleanarchitecture/data/repository/movies/MovieCacheDataSourceImpl.kt","tags":{"FILE_LINE_OF_CODE":"17"}}
{"ts":1677061197044,"action":"FILE_OPENED","file":"/app/src/main/java/com/example/mvvmcleanarchitecture/data/repository/MovieRepositoryImpl.kt","tags":{"FILE_LINE_OF_CODE":"66"}}
{"ts":1677061258888,"action":"FILE_CLOSED","file":"/app/src/main/java/com/example/mvvmcleanarchitecture/data/repository/MovieRepositoryImpl.kt","tags":{"FILE_LINE_OF_CODE":"69"}}
{"ts":1677061258888,"action":"FILE_OPENED","file":"/app/src/main/java/com/example/mvvmcleanarchitecture/data/repository/movies/MovieLocalDataSource.kt","tags":{"FILE_LINE_OF_CODE":"10"}}
{"ts":1677061269721,"action":"FILE_CLOSED","file":"/app/src/main/java/com/example/mvvmcleanarchitecture/data/repository/movies/MovieLocalDataSource.kt","tags":{"FILE_LINE_OF_CODE":"12"}}
{"ts":1677061269721,"action":"FILE_OPENED","file":"/app/src/main/java/com/example/mvvmcleanarchitecture/data/repository/MovieRepositoryImpl.kt","tags":{"FILE_LINE_OF_CODE":"69"}}
{"ts":1677061274746,"action":"IDE_DEACTIVATED"}
{"ts":1677061316261,"action":"IDE_ACTIVATED"}
{"ts":1677061341801,"action":"IDE_DEACTIVATED"}
{"ts":1677061350943,"action":"IDE_ACTIVATED"}
{"ts":1677061379307,"action":"IDE_DEACTIVATED"}
{"ts":1677061384066,"action":"IDE_ACTIVATED"}
{"ts":1677061386642,"action":"IDE_DEACTIVATED"}
{"ts":1677061394239,"action":"IDE_ACTIVATED"}
{"ts":1677061395793,"action":"IDE_DEACTIVATED"}
{"ts":1677061395793,"action":"IDE_ACTIVATED"}
{"ts":1677061406890,"action":"IDE_DEACTIVATED"}
{"ts":1677061426831,"action":"IDE_ACTIVATED"}
{"ts":1677061446171,"action":"FILE_CLOSED","file":"/app/src/main/java/com/example/mvvmcleanarchitecture/data/repository/MovieRepositoryImpl.kt","tags":{"FILE_LINE_OF_CODE":"73"}}
{"ts":1677061446171,"action":"FILE_OPENED","file":"/app/src/main/java/com/example/mvvmcleanarchitecture/data/repository/movies/MovieLocalDataSource.kt","tags":{"FILE_LINE_OF_CODE":"12"}}
{"ts":1677061452304,"action":"FILE_CLOSED","file":"/app/src/main/java/com/example/mvvmcleanarchitecture/data/repository/movies/MovieLocalDataSource.kt","tags":{"FILE_LINE_OF_CODE":"12"}}
{"ts":1677061452304,"action":"FILE_OPENED","file":"/app/src/main/java/com/example/mvvmcleanarchitecture/data/repository/movies/MovieLocalDataSourceImpl.kt","tags":{"FILE_LINE_OF_CODE":"4"}}
{"ts":1677061465632,"action":"IDE_DEACTIVATED"}
{"ts":1677061469572,"action":"IDE_ACTIVATED"}
{"ts":1677061541162,"action":"IDE_DEACTIVATED"}
{"ts":1677064332842,"action":"IDE_ACTIVATED"}
{"ts":1677064360158,"action":"IDE_DEACTIVATED"}
{"ts":1677064369851,"action":"IDE_ACTIVATED"}
{"ts":1677064372653,"action":"IDE_DEACTIVATED"}
{"ts":1677064379275,"action":"IDE_ACTIVATED"}
{"ts":1677064403841,"action":"IDE_DEACTIVATED"}
{"ts":1677064413377,"action":"IDE_ACTIVATED"}
{"ts":1677064422769,"action":"IDE_DEACTIVATED"}
